#
# There is insufficient memory for the Java Runtime Environment to continue.
# Native memory allocation (malloc) failed to allocate 1058864 bytes for Chunk::new
# Possible reasons:
#   The system is out of physical RAM or swap space
#   The process is running with CompressedOops enabled, and the Java Heap may be blocking the growth of the native heap
# Possible solutions:
#   Reduce memory load on the system
#   Increase physical memory or swap space
#   Check if swap backing store is full
#   Decrease Java heap size (-Xmx/-Xms)
#   Decrease number of Java threads
#   Decrease Java thread stack sizes (-Xss)
#   Set larger code cache with -XX:ReservedCodeCacheSize=
#   JVM is running with Zero Based Compressed Oops mode in which the Java heap is
#     placed in the first 32GB address space. The Java Heap base address is the
#     maximum limit for the native heap growth. Please use -XX:HeapBaseMinAddress
#     to set the Java Heap base and to place the Java Heap above 32GB virtual address.
# This output file may be truncated or incomplete.
#
#  Out of Memory Error (allocation.cpp:389), pid=32720, tid=0x00000000000042bc
#
# JRE version: Java(TM) SE Runtime Environment (8.0_361) (build 1.8.0_361-b09)
# Java VM: Java HotSpot(TM) 64-Bit Server VM (25.361-b09 mixed mode windows-amd64 compressed oops)
# Failed to write core dump. Minidumps are not enabled by default on client versions of Windows
#

---------------  T H R E A D  ---------------

Current thread (0x000001ba346ba000):  JavaThread "C2 CompilerThread1" daemon [_thread_in_native, id=17084, stack(0x00000031e1000000,0x00000031e1100000)]

Stack: [0x00000031e1000000,0x00000031e1100000]
Native frames: (J=compiled Java code, j=interpreted, Vv=VM code, C=native code)
V  [jvm.dll+0x3317a9]
V  [jvm.dll+0x277c4e]
V  [jvm.dll+0x27888d]
V  [jvm.dll+0x26f0d5]
V  [jvm.dll+0xd590c]
V  [jvm.dll+0xd610c]
V  [jvm.dll+0x473205]
V  [jvm.dll+0x43a820]
V  [jvm.dll+0x443825]
V  [jvm.dll+0x442be5]
V  [jvm.dll+0x42d98b]
V  [jvm.dll+0xac70b]
V  [jvm.dll+0xaad6b]
V  [jvm.dll+0x23ffb2]
V  [jvm.dll+0x294a5c]
C  [ucrtbase.dll+0x29363]
C  [KERNEL32.DLL+0x126bd]
C  [ntdll.dll+0x5dfb8]


Current CompileTask:
C2: 170885 11320       4       org.apache.spark.sql.catalyst.expressions.GeneratedClass$GeneratedIteratorForCodegenStage1::agg_doAggregateWithKeysOutput_0$ (1574 bytes)


---------------  P R O C E S S  ---------------

Java Threads: ( => current thread )
  0x000001ba36cdd000 JavaThread "block-manager-slave-async-thread-pool-6" daemon [_thread_blocked, id=18212, stack(0x00000031e4300000,0x00000031e4400000)]
  0x000001ba36cdc000 JavaThread "block-manager-slave-async-thread-pool-5" daemon [_thread_blocked, id=2936, stack(0x00000031e4200000,0x00000031e4300000)]
  0x000001ba36cda000 JavaThread "block-manager-slave-async-thread-pool-3" daemon [_thread_blocked, id=3956, stack(0x00000031e4000000,0x00000031e4100000)]
  0x000001ba36cda800 JavaThread "block-manager-ask-thread-pool-1" daemon [_thread_blocked, id=35320, stack(0x00000031e3f00000,0x00000031e4000000)]
  0x000001ba36cdf000 JavaThread "block-manager-ask-thread-pool-0" daemon [_thread_blocked, id=12432, stack(0x00000031df900000,0x00000031dfa00000)]
  0x000001ba36cd1000 JavaThread "task-result-getter-3" daemon [_thread_blocked, id=37428, stack(0x00000031e3d00000,0x00000031e3e00000)]
  0x000001ba36cd7000 JavaThread "task-result-getter-2" daemon [_thread_blocked, id=24128, stack(0x00000031e3c00000,0x00000031e3d00000)]
  0x000001ba36cd6000 JavaThread "task-result-getter-1" daemon [_thread_blocked, id=27960, stack(0x00000031e3b00000,0x00000031e3c00000)]
  0x000001ba36cd0000 JavaThread "task-result-getter-0" daemon [_thread_blocked, id=15552, stack(0x00000031e3a00000,0x00000031e3b00000)]
  0x000001ba346bf000 JavaThread "Executor task launch worker for task 8" daemon [_thread_in_Java, id=7620, stack(0x00000031e3700000,0x00000031e3800000)]
  0x000001ba3af28000 JavaThread "spark-listener-group-streams" daemon [_thread_blocked, id=37232, stack(0x00000031e3500000,0x00000031e3600000)]
  0x000001ba3af21000 JavaThread "spark-listener-group-shared" daemon [_thread_blocked, id=25964, stack(0x00000031e3400000,0x00000031e3500000)]
  0x000001ba3af26000 JavaThread "element-tracking-store-worker" daemon [_thread_blocked, id=25336, stack(0x00000031e3300000,0x00000031e3400000)]
  0x000001ba3af25800 JavaThread "spark-listener-group-executorManagement" daemon [_thread_blocked, id=33208, stack(0x00000031e3200000,0x00000031e3300000)]
  0x000001ba3af24800 JavaThread "spark-listener-group-appStatus" daemon [_thread_blocked, id=36888, stack(0x00000031e3100000,0x00000031e3200000)]
  0x000001ba3af21800 JavaThread "context-cleaner-periodic-gc" daemon [_thread_blocked, id=24488, stack(0x00000031e3000000,0x00000031e3100000)]
  0x000001ba3af24000 JavaThread "Spark Context Cleaner" daemon [_thread_blocked, id=36408, stack(0x00000031e2f00000,0x00000031e3000000)]
  0x000001ba3af22800 JavaThread "shuffle-server-5-1" daemon [_thread_in_native, id=24084, stack(0x00000031e2e00000,0x00000031e2f00000)]
  0x000001ba3af20000 JavaThread "driver-heartbeater" daemon [_thread_blocked, id=14632, stack(0x00000031e2d00000,0x00000031e2e00000)]
  0x000001ba35d52800 JavaThread "dag-scheduler-event-loop" daemon [_thread_blocked, id=37584, stack(0x00000031e2c00000,0x00000031e2d00000)]
  0x000001ba35d51000 JavaThread "netty-rpc-env-timeout" daemon [_thread_blocked, id=24652, stack(0x00000031e2b00000,0x00000031e2c00000)]
  0x000001ba35d51800 JavaThread "Timer-0" daemon [_thread_blocked, id=37112, stack(0x00000031e2a00000,0x00000031e2b00000)]
  0x000001ba35d53000 JavaThread "heartbeat-receiver-event-loop-thread" daemon [_thread_blocked, id=27048, stack(0x00000031e2900000,0x00000031e2a00000)]
  0x000001ba35d57000 JavaThread "SparkUI-36" daemon [_thread_blocked, id=25524, stack(0x00000031e2800000,0x00000031e2900000)]
  0x000001ba35d56000 JavaThread "SparkUI-35" daemon [_thread_blocked, id=36092, stack(0x00000031e2700000,0x00000031e2800000)]
  0x000001ba35d55800 JavaThread "SparkUI-34" daemon [_thread_blocked, id=31560, stack(0x00000031e2600000,0x00000031e2700000)]
  0x000001ba35d54800 JavaThread "SparkUI-33-acceptor-0@3af5434f-Spark@3432aa61{HTTP/1.1,[http/1.1]}{0.0.0.0:4040}" daemon [_thread_in_native, id=30828, stack(0x00000031e2500000,0x00000031e2600000)]
  0x000001ba35d49000 JavaThread "SparkUI-32" daemon [_thread_in_native, id=2492, stack(0x00000031e2400000,0x00000031e2500000)]
  0x000001ba35d50000 JavaThread "SparkUI-31" daemon [_thread_in_native, id=4892, stack(0x00000031e2300000,0x00000031e2400000)]
  0x000001ba35d48800 JavaThread "SparkUI-30" daemon [_thread_in_native, id=11460, stack(0x00000031e2200000,0x00000031e2300000)]
  0x000001ba35d4f800 JavaThread "SparkUI-29" daemon [_thread_in_native, id=37560, stack(0x00000031e2100000,0x00000031e2200000)]
  0x000001ba35d47800 JavaThread "RemoteBlock-temp-file-clean-thread" daemon [_thread_blocked, id=5016, stack(0x00000031e2000000,0x00000031e2100000)]
  0x000001ba35d4a000 JavaThread "map-output-dispatcher-7" daemon [_thread_blocked, id=6308, stack(0x00000031e1f00000,0x00000031e2000000)]
  0x000001ba35d4b000 JavaThread "map-output-dispatcher-6" daemon [_thread_blocked, id=35684, stack(0x00000031e1e00000,0x00000031e1f00000)]
  0x000001ba35d4d000 JavaThread "map-output-dispatcher-5" daemon [_thread_blocked, id=2332, stack(0x00000031e1d00000,0x00000031e1e00000)]
  0x000001ba35d4e800 JavaThread "map-output-dispatcher-4" daemon [_thread_blocked, id=27548, stack(0x00000031e1c00000,0x00000031e1d00000)]
  0x000001ba35d4e000 JavaThread "map-output-dispatcher-3" daemon [_thread_blocked, id=27008, stack(0x00000031e1b00000,0x00000031e1c00000)]
  0x000001ba35d4c800 JavaThread "map-output-dispatcher-2" daemon [_thread_blocked, id=30324, stack(0x00000031e1a00000,0x00000031e1b00000)]
  0x000001ba35d4b800 JavaThread "map-output-dispatcher-1" daemon [_thread_blocked, id=27088, stack(0x00000031e1900000,0x00000031e1a00000)]
  0x000001ba346c2000 JavaThread "map-output-dispatcher-0" daemon [_thread_blocked, id=15528, stack(0x00000031e1800000,0x00000031e1900000)]
  0x000001ba346c1800 JavaThread "rpc-server-3-1" daemon [_thread_in_native, id=30748, stack(0x00000031e1700000,0x00000031e1800000)]
  0x000001ba346c3000 JavaThread "dispatcher-event-loop-1" daemon [_thread_blocked, id=29388, stack(0x00000031e1600000,0x00000031e1700000)]
  0x000001ba346c0800 JavaThread "dispatcher-event-loop-0" daemon [_thread_blocked, id=37004, stack(0x00000031e1500000,0x00000031e1600000)]
  0x000001ba346be800 JavaThread "Service Thread" daemon [_thread_blocked, id=24888, stack(0x00000031e1300000,0x00000031e1400000)]
  0x000001ba346c3800 JavaThread "C1 CompilerThread3" daemon [_thread_blocked, id=37544, stack(0x00000031e1200000,0x00000031e1300000)]
  0x000001ba346bb000 JavaThread "C2 CompilerThread2" daemon [_thread_blocked, id=22552, stack(0x00000031e1100000,0x00000031e1200000)]
=>0x000001ba346ba000 JavaThread "C2 CompilerThread1" daemon [_thread_in_native, id=17084, stack(0x00000031e1000000,0x00000031e1100000)]
  0x000001ba346b8800 JavaThread "C2 CompilerThread0" daemon [_thread_blocked, id=35152, stack(0x00000031e0f00000,0x00000031e1000000)]
  0x000001ba3469b800 JavaThread "JDWP Command Reader" daemon [_thread_in_native, id=32756, stack(0x00000031e0e00000,0x00000031e0f00000)]
  0x000001ba34685000 JavaThread "JDWP Event Helper Thread" daemon [_thread_blocked, id=14188, stack(0x00000031e0d00000,0x00000031e0e00000)]
  0x000001ba322eb800 JavaThread "JDWP Transport Listener: dt_socket" daemon [_thread_blocked, id=27932, stack(0x00000031e0c00000,0x00000031e0d00000)]
  0x000001ba34683000 JavaThread "Attach Listener" daemon [_thread_blocked, id=33164, stack(0x00000031e0b00000,0x00000031e0c00000)]
  0x000001ba34682800 JavaThread "Signal Dispatcher" daemon [_thread_blocked, id=33288, stack(0x00000031e0a00000,0x00000031e0b00000)]
  0x000001ba32293000 JavaThread "Finalizer" daemon [_thread_blocked, id=6936, stack(0x00000031e0900000,0x00000031e0a00000)]
  0x000001ba32288800 JavaThread "Reference Handler" daemon [_thread_blocked, id=21752, stack(0x00000031e0800000,0x00000031e0900000)]
  0x000001ba174fd000 JavaThread "main" [_thread_blocked, id=30208, stack(0x00000031dfc00000,0x00000031dfd00000)]

Other Threads:
  0x000001ba32263000 VMThread [stack: 0x00000031e0700000,0x00000031e0800000] [id=33532]
  0x000001ba347be000 WatcherThread [stack: 0x00000031e1400000,0x00000031e1500000] [id=37736]

VM state:not at safepoint (normal execution)

VM Mutex/Monitor currently owned by a thread: None

heap address: 0x00000006c2a00000, size: 4054 MB, Compressed Oops mode: Zero based, Oop shift amount: 3
Narrow klass base: 0x0000000000000000, Narrow klass shift: 3
Compressed class space size: 1073741824 Address: 0x00000007c0000000

Heap:
 PSYoungGen      total 1182208K, used 212893K [0x000000076b900000, 0x00000007c0000000, 0x00000007c0000000)
  eden space 1142784K, 15% used [0x000000076b900000,0x0000000776719280,0x00000007b1500000)
  from space 39424K, 87% used [0x00000007b5180000,0x00000007b734e258,0x00000007b7800000)
  to   space 61952K, 0% used [0x00000007b1500000,0x00000007b1500000,0x00000007b5180000)
 ParOldGen       total 754176K, used 233213K [0x00000006c2a00000, 0x00000006f0a80000, 0x000000076b900000)
  object space 754176K, 30% used [0x00000006c2a00000,0x00000006d0dbf530,0x00000006f0a80000)
 Metaspace       used 76161K, capacity 77594K, committed 77784K, reserved 1116160K
  class space    used 10720K, capacity 10939K, committed 10968K, reserved 1048576K

Card table byte_map: [0x000001ba28410000,0x000001ba28c00000] byte_map_base: 0x000001ba24dfb000

Marking Bits: (ParMarkBitMap*) 0x000000006b3bb090
 Begin Bits: [0x000001ba29150000, 0x000001ba2d0a8000)
 End Bits:   [0x000001ba2d0a8000, 0x000001ba31000000)

Polling page: 0x000001ba17790000

CodeCache: size=245760Kb used=35387Kb max_used=35611Kb free=210372Kb
 bounds [0x000001ba19050000, 0x000001ba1b370000, 0x000001ba28050000]
 total_blobs=9829 nmethods=9194 adapters=553
 compilation: enabled

Compilation events (10 events):
Event: 170.764 Thread 0x000001ba346bb000 nmethod 11324 0x000001ba1b286710 code [0x000001ba1b286920, 0x000001ba1b287510]
Event: 170.764 Thread 0x000001ba346bb000 11325       4       org.apache.spark.sql.catalyst.expressions.GeneratedClass$SpecificUnsafeProjection::computeHash_0_4$ (194 bytes)
Event: 170.765 Thread 0x000001ba346b8800 nmethod 11322 0x000001ba1a786b50 code [0x000001ba1a786dc0, 0x000001ba1a787bf8]
Event: 170.765 Thread 0x000001ba346b8800 11326       4       org.apache.spark.sql.catalyst.expressions.GeneratedClass$SpecificUnsafeProjection::computeHash_0_5$ (194 bytes)
Event: 170.775 Thread 0x000001ba346b8800 nmethod 11326 0x000001ba19736350 code [0x000001ba19736560, 0x000001ba19737110]
Event: 170.779 Thread 0x000001ba346bb000 nmethod 11325 0x000001ba19734610 code [0x000001ba19734820, 0x000001ba197353f0]
Event: 170.781 Thread 0x000001ba346c3800 11327       3       org.apache.spark.sql.catalyst.expressions.GeneratedClass$SpecificUnsafeProjection::computeHash_0_4$ (194 bytes)
Event: 170.782 Thread 0x000001ba346c3800 nmethod 11327 0x000001ba1a4d9d50 code [0x000001ba1a4da080, 0x000001ba1a4dbee0]
Event: 170.796 Thread 0x000001ba346b8800 11328       4       org.apache.spark.sql.catalyst.expressions.GeneratedClass$SpecificUnsafeProjection::computeHash_0_4$ (194 bytes)
Event: 170.817 Thread 0x000001ba346b8800 nmethod 11328 0x000001ba1a430590 code [0x000001ba1a4307e0, 0x000001ba1a431df0]

GC Heap History (10 events):
Event: 127.606 GC heap before
{Heap before GC invocations=33 (full 7):
 PSYoungGen      total 878080K, used 807008K [0x000000076b900000, 0x00000007b0000000, 0x00000007c0000000)
  eden space 805888K, 100% used [0x000000076b900000,0x000000079cc00000,0x000000079cc00000)
  from space 72192K, 1% used [0x000000079cc00000,0x000000079cd18000,0x00000007a1280000)
  to   space 70656K, 0% used [0x00000007abb00000,0x00000007abb00000,0x00000007b0000000)
 ParOldGen       total 754176K, used 230820K [0x00000006c2a00000, 0x00000006f0a80000, 0x000000076b900000)
  object space 754176K, 30% used [0x00000006c2a00000,0x00000006d0b693d0,0x00000006f0a80000)
 Metaspace       used 75868K, capacity 77146K, committed 77272K, reserved 1116160K
  class space    used 10714K, capacity 10929K, committed 10968K, reserved 1048576K
Event: 127.609 GC heap after
Heap after GC invocations=33 (full 7):
 PSYoungGen      total 1017856K, used 512K [0x000000076b900000, 0x00000007aee00000, 0x00000007c0000000)
  eden space 965632K, 0% used [0x000000076b900000,0x000000076b900000,0x00000007a6800000)
  from space 52224K, 0% used [0x00000007abb00000,0x00000007abb80000,0x00000007aee00000)
  to   space 68608K, 0% used [0x00000007a6800000,0x00000007a6800000,0x00000007aab00000)
 ParOldGen       total 754176K, used 231463K [0x00000006c2a00000, 0x00000006f0a80000, 0x000000076b900000)
  object space 754176K, 30% used [0x00000006c2a00000,0x00000006d0c09f40,0x00000006f0a80000)
 Metaspace       used 75868K, capacity 77146K, committed 77272K, reserved 1116160K
  class space    used 10714K, capacity 10929K, committed 10968K, reserved 1048576K
}
Event: 131.440 GC heap before
{Heap before GC invocations=34 (full 7):
 PSYoungGen      total 1017856K, used 966144K [0x000000076b900000, 0x00000007aee00000, 0x00000007c0000000)
  eden space 965632K, 100% used [0x000000076b900000,0x00000007a6800000,0x00000007a6800000)
  from space 52224K, 0% used [0x00000007abb00000,0x00000007abb80000,0x00000007aee00000)
  to   space 68608K, 0% used [0x00000007a6800000,0x00000007a6800000,0x00000007aab00000)
 ParOldGen       total 754176K, used 231463K [0x00000006c2a00000, 0x00000006f0a80000, 0x000000076b900000)
  object space 754176K, 30% used [0x00000006c2a00000,0x00000006d0c09f40,0x00000006f0a80000)
 Metaspace       used 75889K, capacity 77146K, committed 77272K, reserved 1116160K
  class space    used 10714K, capacity 10929K, committed 10968K, reserved 1048576K
Event: 131.444 GC heap after
Heap after GC invocations=34 (full 7):
 PSYoungGen      total 1034240K, used 1088K [0x000000076b900000, 0x00000007b9280000, 0x00000007c0000000)
  eden space 965632K, 0% used [0x000000076b900000,0x000000076b900000,0x00000007a6800000)
  from space 68608K, 1% used [0x00000007a6800000,0x00000007a6910000,0x00000007aab00000)
  to   space 66560K, 0% used [0x00000007b5180000,0x00000007b5180000,0x00000007b9280000)
 ParOldGen       total 754176K, used 231711K [0x00000006c2a00000, 0x00000006f0a80000, 0x000000076b900000)
  object space 754176K, 30% used [0x00000006c2a00000,0x00000006d0c47f40,0x00000006f0a80000)
 Metaspace       used 75889K, capacity 77146K, committed 77272K, reserved 1116160K
  class space    used 10714K, capacity 10929K, committed 10968K, reserved 1048576K
}
Event: 156.096 GC heap before
{Heap before GC invocations=35 (full 7):
 PSYoungGen      total 1034240K, used 966720K [0x000000076b900000, 0x00000007b9280000, 0x00000007c0000000)
  eden space 965632K, 100% used [0x000000076b900000,0x00000007a6800000,0x00000007a6800000)
  from space 68608K, 1% used [0x00000007a6800000,0x00000007a6910000,0x00000007aab00000)
  to   space 66560K, 0% used [0x00000007b5180000,0x00000007b5180000,0x00000007b9280000)
 ParOldGen       total 754176K, used 231711K [0x00000006c2a00000, 0x00000006f0a80000, 0x000000076b900000)
  object space 754176K, 30% used [0x00000006c2a00000,0x00000006d0c47f40,0x00000006f0a80000)
 Metaspace       used 76117K, capacity 77458K, committed 77528K, reserved 1116160K
  class space    used 10720K, capacity 10939K, committed 10968K, reserved 1048576K
Event: 156.100 GC heap after
Heap after GC invocations=35 (full 7):
 PSYoungGen      total 1157632K, used 7495K [0x000000076b900000, 0x00000007b7800000, 0x00000007c0000000)
  eden space 1118208K, 0% used [0x000000076b900000,0x000000076b900000,0x00000007afd00000)
  from space 39424K, 19% used [0x00000007b5180000,0x00000007b58d1df0,0x00000007b7800000)
  to   space 62976K, 0% used [0x00000007afd00000,0x00000007afd00000,0x00000007b3a80000)
 ParOldGen       total 754176K, used 231975K [0x00000006c2a00000, 0x00000006f0a80000, 0x000000076b900000)
  object space 754176K, 30% used [0x00000006c2a00000,0x00000006d0c89f40,0x00000006f0a80000)
 Metaspace       used 76117K, capacity 77458K, committed 77528K, reserved 1116160K
  class space    used 10720K, capacity 10939K, committed 10968K, reserved 1048576K
}
Event: 163.385 GC heap before
{Heap before GC invocations=36 (full 7):
 PSYoungGen      total 1157632K, used 1125703K [0x000000076b900000, 0x00000007b7800000, 0x00000007c0000000)
  eden space 1118208K, 100% used [0x000000076b900000,0x00000007afd00000,0x00000007afd00000)
  from space 39424K, 19% used [0x00000007b5180000,0x00000007b58d1df0,0x00000007b7800000)
  to   space 62976K, 0% used [0x00000007afd00000,0x00000007afd00000,0x00000007b3a80000)
 ParOldGen       total 754176K, used 231975K [0x00000006c2a00000, 0x00000006f0a80000, 0x000000076b900000)
  object space 754176K, 30% used [0x00000006c2a00000,0x00000006d0c89f40,0x00000006f0a80000)
 Metaspace       used 76136K, capacity 77458K, committed 77528K, reserved 1116160K
  class space    used 10720K, capacity 10939K, committed 10968K, reserved 1048576K
Event: 163.411 GC heap after
Heap after GC invocations=36 (full 7):
 PSYoungGen      total 1181184K, used 18198K [0x000000076b900000, 0x00000007b7800000, 0x00000007c0000000)
  eden space 1118208K, 0% used [0x000000076b900000,0x000000076b900000,0x00000007afd00000)
  from space 62976K, 28% used [0x00000007afd00000,0x00000007b0ec5ae0,0x00000007b3a80000)
  to   space 39424K, 0% used [0x00000007b5180000,0x00000007b5180000,0x00000007b7800000)
 ParOldGen       total 754176K, used 233181K [0x00000006c2a00000, 0x00000006f0a80000, 0x000000076b900000)
  object space 754176K, 30% used [0x00000006c2a00000,0x00000006d0db7530,0x00000006f0a80000)
 Metaspace       used 76136K, capacity 77458K, committed 77528K, reserved 1116160K
  class space    used 10720K, capacity 10939K, committed 10968K, reserved 1048576K
}
Event: 170.521 GC heap before
{Heap before GC invocations=37 (full 7):
 PSYoungGen      total 1181184K, used 1136406K [0x000000076b900000, 0x00000007b7800000, 0x00000007c0000000)
  eden space 1118208K, 100% used [0x000000076b900000,0x00000007afd00000,0x00000007afd00000)
  from space 62976K, 28% used [0x00000007afd00000,0x00000007b0ec5ae0,0x00000007b3a80000)
  to   space 39424K, 0% used [0x00000007b5180000,0x00000007b5180000,0x00000007b7800000)
 ParOldGen       total 754176K, used 233181K [0x00000006c2a00000, 0x00000006f0a80000, 0x000000076b900000)
  object space 754176K, 30% used [0x00000006c2a00000,0x00000006d0db7530,0x00000006f0a80000)
 Metaspace       used 76139K, capacity 77522K, committed 77784K, reserved 1116160K
  class space    used 10720K, capacity 10939K, committed 10968K, reserved 1048576K
Event: 170.531 GC heap after
Heap after GC invocations=37 (full 7):
 PSYoungGen      total 1182208K, used 34616K [0x000000076b900000, 0x00000007c0000000, 0x00000007c0000000)
  eden space 1142784K, 0% used [0x000000076b900000,0x000000076b900000,0x00000007b1500000)
  from space 39424K, 87% used [0x00000007b5180000,0x00000007b734e258,0x00000007b7800000)
  to   space 61952K, 0% used [0x00000007b1500000,0x00000007b1500000,0x00000007b5180000)
 ParOldGen       total 754176K, used 233213K [0x00000006c2a00000, 0x00000006f0a80000, 0x000000076b900000)
  object space 754176K, 30% used [0x00000006c2a00000,0x00000006d0dbf530,0x00000006f0a80000)
 Metaspace       used 76139K, capacity 77522K, committed 77784K, reserved 1116160K
  class space    used 10720K, capacity 10939K, committed 10968K, reserved 1048576K
}

Deoptimization events (10 events):
Event: 119.106 Thread 0x000001ba346bf000 Uncommon trap: reason=unstable_if action=reinterpret pc=0x000001ba194848cc method=org.apache.spark.sql.catalyst.expressions.GeneratedClass$SpecificSafeProjection.createExternalRow_0_10$(Lorg/apache/spark/sql/catalyst/expressions/GeneratedClass$SpecificSaf
Event: 142.537 Thread 0x000001ba174fd000 Uncommon trap: reason=bimorphic action=maybe_recompile pc=0x000001ba19882294 method=scala.collection.IterableLike$class.zip(Lscala/collection/IterableLike;Lscala/collection/GenIterable;Lscala/collection/generic/CanBuildFrom;)Ljava/lang/Object; @ 22
Event: 152.404 Thread 0x000001ba346bf000 Uncommon trap: reason=class_check action=maybe_recompile pc=0x000001ba1a938064 method=org.apache.spark.sql.catalyst.expressions.UnsafeProjection$$anonfun$1.apply(Ljava/lang/Object;)Ljava/lang/Object; @ 2
Event: 152.404 Thread 0x000001ba346bf000 Uncommon trap: reason=class_check action=maybe_recompile pc=0x000001ba1a996588 method=org.apache.spark.sql.catalyst.expressions.codegen.GenerateUnsafeProjection$$anonfun$canonicalize$1.apply(Ljava/lang/Object;)Ljava/lang/Object; @ 2
Event: 153.898 Thread 0x000001ba346bf000 Uncommon trap: reason=unstable_if action=reinterpret pc=0x000001ba1b23371c method=org.apache.spark.sql.catalyst.expressions.GeneratedClass$GeneratedIteratorForCodegenStage1.agg_doConsume_0$(Lorg/apache/spark/sql/catalyst/expressions/GeneratedClass$Generat
Event: 158.396 Thread 0x000001ba346bf000 Uncommon trap: reason=unstable_if action=reinterpret pc=0x000001ba1b28cbb4 method=org.apache.spark.sql.catalyst.expressions.GeneratedClass$GeneratedIteratorForCodegenStage1.agg_doAggregateWithKeys_0$(Lorg/apache/spark/sql/catalyst/expressions/GeneratedCla
Event: 158.396 Thread 0x000001ba346bf000 Uncommon trap: reason=unstable_if action=reinterpret pc=0x000001ba1b2bb6b0 method=org.apache.spark.sql.catalyst.expressions.GeneratedClass$GeneratedIteratorForCodegenStage1.agg_doConsume_0$(Lorg/apache/spark/sql/catalyst/expressions/GeneratedClass$Generat
Event: 167.092 Thread 0x000001ba36cd9000 Uncommon trap: reason=unstable_if action=reinterpret pc=0x000001ba193ed3fc method=java.util.concurrent.locks.AbstractQueuedSynchronizer.acquire(I)V @ 5
Event: 170.632 Thread 0x000001ba346bf000 Uncommon trap: reason=unstable_if action=reinterpret pc=0x000001ba1b3191e0 method=org.apache.spark.sql.catalyst.expressions.GeneratedClass$GeneratedIteratorForCodegenStage1.agg_doAggregateWithKeys_0$(Lorg/apache/spark/sql/catalyst/expressions/GeneratedCla
Event: 170.780 Thread 0x000001ba346bf000 Uncommon trap: reason=unstable_if action=reinterpret pc=0x000001ba19735250 method=org.apache.spark.sql.catalyst.expressions.GeneratedClass$SpecificUnsafeProjection.computeHash_0_4$(Lorg/apache/spark/sql/catalyst/expressions/GeneratedClass$SpecificUnsafePr

Classes redefined (0 events):
No events

Internal exceptions (10 events):
Event: 33.887 Thread 0x000001ba346c0800 Exception <a 'java/lang/NoSuchMethodError': <clinit>> (0x000000077116d110) thrown at [C:\jenkins\workspace\8-2-build-windows-x64-cygwin\jdk8u361\3183\hotspot\src\share\vm\prims\jni.cpp, line 1615]
Event: 34.017 Thread 0x000001ba346bf000 Implicit null exception at 0x000001ba1a42a9da to 0x000001ba1a42bf15
Event: 45.509 Thread 0x000001ba174fd000 Exception <a 'java/net/UnknownHostException'> (0x000000076d657ad0) thrown at [C:\jenkins\workspace\8-2-build-windows-x64-cygwin\jdk8u361\3183\hotspot\src\share\vm\prims\jni.cpp, line 737]
Event: 55.382 Thread 0x000001ba346bf000 Exception <a 'java/net/UnknownHostException'> (0x000000076cbd10d0) thrown at [C:\jenkins\workspace\8-2-build-windows-x64-cygwin\jdk8u361\3183\hotspot\src\share\vm\prims\jni.cpp, line 737]
Event: 66.077 Thread 0x000001ba174fd000 Exception <a 'java/net/UnknownHostException'> (0x00000007727281d0) thrown at [C:\jenkins\workspace\8-2-build-windows-x64-cygwin\jdk8u361\3183\hotspot\src\share\vm\prims\jni.cpp, line 737]
Event: 75.874 Thread 0x000001ba346bf000 Exception <a 'java/net/UnknownHostException'> (0x0000000785d68a40) thrown at [C:\jenkins\workspace\8-2-build-windows-x64-cygwin\jdk8u361\3183\hotspot\src\share\vm\prims\jni.cpp, line 737]
Event: 86.896 Thread 0x000001ba174fd000 Exception <a 'java/net/UnknownHostException'> (0x000000077a35ff68) thrown at [C:\jenkins\workspace\8-2-build-windows-x64-cygwin\jdk8u361\3183\hotspot\src\share\vm\prims\jni.cpp, line 737]
Event: 96.801 Thread 0x000001ba346bf000 Exception <a 'java/net/UnknownHostException'> (0x000000077a1c2f70) thrown at [C:\jenkins\workspace\8-2-build-windows-x64-cygwin\jdk8u361\3183\hotspot\src\share\vm\prims\jni.cpp, line 737]
Event: 142.319 Thread 0x000001ba174fd000 Exception <a 'java/net/UnknownHostException'> (0x0000000781bc34b8) thrown at [C:\jenkins\workspace\8-2-build-windows-x64-cygwin\jdk8u361\3183\hotspot\src\share\vm\prims\jni.cpp, line 737]
Event: 152.195 Thread 0x000001ba346bf000 Exception <a 'java/net/UnknownHostException'> (0x0000000781341118) thrown at [C:\jenkins\workspace\8-2-build-windows-x64-cygwin\jdk8u361\3183\hotspot\src\share\vm\prims\jni.cpp, line 737]

Events (10 events):
Event: 170.521 Executing VM operation: ParallelGCFailedAllocation
Event: 170.531 Executing VM operation: ParallelGCFailedAllocation done
Event: 170.632 Thread 0x000001ba346bf000 Uncommon trap: trap_request=0xffffff65 fr.pc=0x000001ba1b3191e0
Event: 170.632 Thread 0x000001ba346bf000 DEOPT PACKING pc=0x000001ba1b3191e0 sp=0x00000031e37fe950
Event: 170.632 Thread 0x000001ba346bf000 DEOPT UNPACKING pc=0x000001ba190958c3 sp=0x00000031e37fe9c0 mode 2
Event: 170.641 Thread 0x000001ba346bf000 DEOPT PACKING pc=0x000001ba195881cd sp=0x00000031e37fe980
Event: 170.641 Thread 0x000001ba346bf000 DEOPT UNPACKING pc=0x000001ba19097918 sp=0x00000031e37fe660 mode 0
Event: 170.780 Thread 0x000001ba346bf000 Uncommon trap: trap_request=0xffffff65 fr.pc=0x000001ba19735250
Event: 170.781 Thread 0x000001ba346bf000 DEOPT PACKING pc=0x000001ba19735250 sp=0x00000031e37feb60
Event: 170.781 Thread 0x000001ba346bf000 DEOPT UNPACKING pc=0x000001ba190958c3 sp=0x00000031e37feaf0 mode 2


Dynamic libraries:
0x00007ff788400000 - 0x00007ff788447000 	D:\MyProgramFiles\Java\jdk1.8.0_361\bin\java.exe
0x00007ffeb2d30000 - 0x00007ffeb2f44000 	C:\WINDOWS\SYSTEM32\ntdll.dll
0x00007ffeb20b0000 - 0x00007ffeb2173000 	C:\WINDOWS\System32\KERNEL32.DLL
0x00007ffeb0220000 - 0x00007ffeb05bd000 	C:\WINDOWS\System32\KERNELBASE.dll
0x00007ffeb2550000 - 0x00007ffeb25fe000 	C:\WINDOWS\System32\ADVAPI32.dll
0x00007ffeb0d60000 - 0x00007ffeb0e07000 	C:\WINDOWS\System32\msvcrt.dll
0x00007ffeb2a60000 - 0x00007ffeb2b04000 	C:\WINDOWS\System32\sechost.dll
0x00007ffeb0c40000 - 0x00007ffeb0d55000 	C:\WINDOWS\System32\RPCRT4.dll
0x00007ffeb0ed0000 - 0x00007ffeb107d000 	C:\WINDOWS\System32\USER32.dll
0x00007ffeb01f0000 - 0x00007ffeb0216000 	C:\WINDOWS\System32\win32u.dll
0x00007ffeb23b0000 - 0x00007ffeb23d9000 	C:\WINDOWS\System32\GDI32.dll
0x00007ffeb0a00000 - 0x00007ffeb0b12000 	C:\WINDOWS\System32\gdi32full.dll
0x00007ffeb0150000 - 0x00007ffeb01ea000 	C:\WINDOWS\System32\msvcp_win.dll
0x00007ffeb06f0000 - 0x00007ffeb0801000 	C:\WINDOWS\System32\ucrtbase.dll
0x00007ffe96e10000 - 0x00007ffe9709e000 	C:\WINDOWS\WinSxS\amd64_microsoft.windows.common-controls_6595b64144ccf1df_6.0.22621.608_none_a9444ca7c10bb01d\COMCTL32.dll
0x00007ffeb2600000 - 0x00007ffeb2632000 	C:\WINDOWS\System32\IMM32.DLL
0x00007ffe95090000 - 0x00007ffe950a5000 	D:\MyProgramFiles\Java\jdk1.8.0_361\jre\bin\vcruntime140.dll
0x00007ffe6d250000 - 0x00007ffe6d2eb000 	D:\MyProgramFiles\Java\jdk1.8.0_361\jre\bin\msvcp140.dll
0x000000006abd0000 - 0x000000006b433000 	D:\MyProgramFiles\Java\jdk1.8.0_361\jre\bin\server\jvm.dll
0x00007ffeb2540000 - 0x00007ffeb2548000 	C:\WINDOWS\System32\PSAPI.DLL
0x00007ffea4930000 - 0x00007ffea4964000 	C:\WINDOWS\SYSTEM32\WINMM.dll
0x00007ffeaa1e0000 - 0x00007ffeaa1e9000 	C:\WINDOWS\SYSTEM32\WSOCK32.dll
0x00007ffea2fc0000 - 0x00007ffea2fca000 	C:\WINDOWS\SYSTEM32\VERSION.dll
0x00007ffeb29d0000 - 0x00007ffeb2a41000 	C:\WINDOWS\System32\WS2_32.dll
0x00007ffeaf160000 - 0x00007ffeaf178000 	C:\WINDOWS\SYSTEM32\kernel.appcore.dll
0x00007ffe9b850000 - 0x00007ffe9b860000 	D:\MyProgramFiles\Java\jdk1.8.0_361\jre\bin\verify.dll
0x00007ffe91680000 - 0x00007ffe916ab000 	D:\MyProgramFiles\Java\jdk1.8.0_361\jre\bin\java.dll
0x00007ffe95050000 - 0x00007ffe95086000 	D:\MyProgramFiles\Java\jdk1.8.0_361\jre\bin\jdwp.dll
0x00007ffe9c180000 - 0x00007ffe9c189000 	D:\MyProgramFiles\Java\jdk1.8.0_361\jre\bin\npt.dll
0x00007ffe96960000 - 0x00007ffe96990000 	D:\MyProgramFiles\Java\jdk1.8.0_361\jre\bin\instrument.dll
0x00007ffe83f30000 - 0x00007ffe83f48000 	D:\MyProgramFiles\Java\jdk1.8.0_361\jre\bin\zip.dll
0x00007ffeb1590000 - 0x00007ffeb1d7f000 	C:\WINDOWS\System32\SHELL32.dll
0x00007ffeae120000 - 0x00007ffeae9e8000 	C:\WINDOWS\SYSTEM32\windows.storage.dll
0x00007ffeb2640000 - 0x00007ffeb29ca000 	C:\WINDOWS\System32\combase.dll
0x00007ffeadfe0000 - 0x00007ffeae11e000 	C:\WINDOWS\SYSTEM32\wintypes.dll
0x00007ffeb2b10000 - 0x00007ffeb2c01000 	C:\WINDOWS\System32\SHCORE.dll
0x00007ffeb24e0000 - 0x00007ffeb253e000 	C:\WINDOWS\System32\shlwapi.dll
0x00007ffeb0080000 - 0x00007ffeb00a1000 	C:\WINDOWS\SYSTEM32\profapi.dll
0x00007ffe9a5e0000 - 0x00007ffe9a5ea000 	D:\MyProgramFiles\Java\jdk1.8.0_361\jre\bin\dt_socket.dll
0x00007ffeaf5d0000 - 0x00007ffeaf639000 	C:\WINDOWS\system32\mswsock.dll
0x00007ffeaa1d0000 - 0x00007ffeaa1dd000 	D:\MyProgramFiles\Java\jdk1.8.0_361\jre\bin\management.dll
0x00007ffe760d0000 - 0x00007ffe760ec000 	D:\MyProgramFiles\Java\jdk1.8.0_361\jre\bin\net.dll
0x00007ffe8dd10000 - 0x00007ffe8dd27000 	C:\WINDOWS\system32\napinsp.dll
0x00007ffe8dc50000 - 0x00007ffe8dc6b000 	C:\WINDOWS\system32\pnrpnsp.dll
0x00007ffeaed00000 - 0x00007ffeaedf2000 	C:\WINDOWS\SYSTEM32\DNSAPI.dll
0x00007ffeaec80000 - 0x00007ffeaecad000 	C:\WINDOWS\SYSTEM32\IPHLPAPI.DLL
0x00007ffeb2200000 - 0x00007ffeb2209000 	C:\WINDOWS\System32\NSI.dll
0x00007ffe8dba0000 - 0x00007ffe8dbb1000 	C:\WINDOWS\System32\winrnr.dll
0x00007ffea30a0000 - 0x00007ffea30b5000 	C:\WINDOWS\system32\wshbth.dll
0x00007ffe8db30000 - 0x00007ffe8db51000 	C:\WINDOWS\system32\nlansp_c.dll
0x00007ffea15c0000 - 0x00007ffea15ca000 	C:\Windows\System32\rasadhlp.dll
0x00007ffea2f30000 - 0x00007ffea2fb3000 	C:\WINDOWS\System32\fwpuclnt.dll
0x00007ffe752c0000 - 0x00007ffe752d3000 	D:\MyProgramFiles\Java\jdk1.8.0_361\jre\bin\nio.dll
0x00007ffe98940000 - 0x00007ffe9894a000 	D:\MyProgramFiles\Java\jdk1.8.0_361\jre\bin\w2k_lsa_auth.dll
0x00007ffe90dc0000 - 0x00007ffe90dcc000 	C:\WINDOWS\SYSTEM32\Secur32.dll
0x00007ffeaf3c0000 - 0x00007ffeaf402000 	C:\WINDOWS\SYSTEM32\SSPICLI.DLL
0x00007ffe97d00000 - 0x00007ffe97d1a000 	C:\Windows\System32\hadoop.dll
0x00007ffeaecb0000 - 0x00007ffeaecfe000 	C:\WINDOWS\SYSTEM32\AUTHZ.dll
0x00007ffe8f640000 - 0x00007ffe8f659000 	C:\WINDOWS\SYSTEM32\NETAPI32.dll
0x000000006be30000 - 0x000000006bf02000 	C:\WINDOWS\SYSTEM32\MSVCR100.dll
0x00007ffeaec30000 - 0x00007ffeaec3c000 	C:\WINDOWS\SYSTEM32\NETUTILS.DLL
0x00007ffeab320000 - 0x00007ffeab339000 	C:\WINDOWS\SYSTEM32\SAMCLI.DLL
0x00007ffe97aa0000 - 0x00007ffe97aa9000 	D:\MyProgramFiles\Java\jdk1.8.0_361\jre\bin\jaas_nt.dll
0x00007ffeaf840000 - 0x00007ffeaf85b000 	C:\WINDOWS\SYSTEM32\CRYPTSP.dll
0x00007ffeaf0d0000 - 0x00007ffeaf105000 	C:\WINDOWS\system32\rsaenh.dll
0x00007ffeaf6e0000 - 0x00007ffeaf708000 	C:\WINDOWS\SYSTEM32\USERENV.dll
0x00007ffeafa20000 - 0x00007ffeafa48000 	C:\WINDOWS\SYSTEM32\bcrypt.dll
0x00007ffeb0810000 - 0x00007ffeb088b000 	C:\WINDOWS\System32\bcryptprimitives.dll
0x00007ffeaf880000 - 0x00007ffeaf88c000 	C:\WINDOWS\SYSTEM32\CRYPTBASE.dll
0x00007ffea4f80000 - 0x00007ffea4f99000 	C:\WINDOWS\SYSTEM32\dhcpcsvc6.DLL
0x00007ffea4d50000 - 0x00007ffea4d6f000 	C:\WINDOWS\SYSTEM32\dhcpcsvc.DLL
0x00007ffe9a4c0000 - 0x00007ffe9a4e4000 	D:\MyProgramFiles\Java\jdk1.8.0_361\jre\bin\sunec.dll
0x00007ffea9b60000 - 0x00007ffea9b6d000 	D:\MyProgramFiles\Java\jdk1.8.0_361\jre\bin\sunmscapi.dll
0x00007ffeb0890000 - 0x00007ffeb09f6000 	C:\WINDOWS\System32\CRYPT32.dll
0x00007ffeaf9f0000 - 0x00007ffeafa1d000 	C:\WINDOWS\SYSTEM32\ncrypt.dll
0x00007ffeaf9b0000 - 0x00007ffeaf9e7000 	C:\WINDOWS\SYSTEM32\NTASN1.dll
0x0000000066f40000 - 0x0000000066f6d000 	D:\Temp\liblz4-java7936037267312717516.so
0x00007ffead300000 - 0x00007ffead52e000 	C:\WINDOWS\SYSTEM32\dbghelp.dll
0x00007ffeb2c10000 - 0x00007ffeb2ce7000 	C:\WINDOWS\System32\OLEAUT32.dll

VM Arguments:
jvm_args: -agentlib:jdwp=transport=dt_socket,address=127.0.0.1:57306,suspend=y,server=n -javaagent:C:\Users\29753\AppData\Local\JetBrains\IntelliJIdea2022.2\captureAgent\debugger-agent.jar -Dfile.encoding=UTF-8 
java_command: spark.Hive2
java_class_path (initial): D:\Temp\classpath522603703.jar;C:\Users\29753\AppData\Local\JetBrains\IntelliJIdea2022.2\captureAgent\debugger-agent.jar
Launcher Type: SUN_STANDARD

Environment Variables:
JAVA_HOME=D:\MyProgramFiles\Java\jdk-11.0.18
CLASSPATH=.;D:\MyProgramFiles\Java\jdk-11.0.18\lib;D:\MyProgramFiles\Java\jdk-11.0.18\lib\dt.jar;D:\MyProgramFiles\Java\jdk-11.0.18\lib\tools.jar
PATH=C:\Program Files (x86)\Razer\ChromaBroadcast\bin;D:\MyProgramFiles\Java\jdk-11.0.18\bin;D:\MyProgramFiles\Java\jdk-11.0.18\jre\bin;D:\MyProgramFiles\Maven\apache-maven-3.8.1\bin;C:\Program Files\Razer\ChromaBroadcast\bin;C:\Users\29753\AppData\Local\Programs\Python\Python39\Scripts\;C:\Users\29753\AppData\Local\Programs\Python\Python39\;C:\Program Files (x86)\Common Files\Oracle\Java\javapath;D:\minGW\mingw64\bin;D:\Program Files\Git\cmd;D:\CTEX\UserData\miktex\bin;D:\CTEX\MiKTeX\miktex\bin;D:\CTEX\CTeX;D:\CTEX\CTeX\Packages\ctex\bin;D:\CTEX\CTeX\Packages\cct\bin;D:\CTEX\CTeX\Packages\ty\bin;D:\CTEX\Ghostscript\gs9.18\bin;D:\CTEX\GSview\gsview;D:\CTEX\WinEdt;C:\WINDOWS\system32;C:\WINDOWS;C:\WINDOWS\System32\Wbem;C:\WINDOWS\System32\WindowsPowerShell\v1.0\;C:\WINDOWS\System32\OpenSSH\;C:\ProgramData\chocolatey\bin;C:\Program Files\nodejs\;C:\Program Files\dotnet\;C:\WINDOWS\system32\config\systemprofile\AppData\Local\Microsoft\WindowsApps;;C:\Program Files\Docker\Docker\resources\bin;C:\Users\29753\AppData\Local\Microsoft\WindowsApps;D:\Program Files\JetBrains\PyCharm Community Edition 2020.3.3\bin;;D:\MyProgramFiles\Maven\apache-maven-3.8.1;D:\CLion 2021.2.3\bin;C:\Program Files\MySQL\MySQL Server 8.0\bin;;D:\minGW\mingw64\bin;D:\IntelliJ IDEA 2022.2.3\bin;;D:\PyCharm 2021.2.3\bin;;C:\Users\29753\AppData\Local\Pandoc\;D:\DataGrip 2021.3.4\bin;;D:\WebStorm 2021.3.2\bin;;D:\Microsoft VS Code\bin;D:\Tomcat\apache-tomcat-8.5.77-windows-x64\apache-tomcat-8.5.77\bin;D:\Tomcat\bin;C:\Users\29753\AppData\Roaming\npm;D:\minGW\bin;
USERNAME=29753
OS=Windows_NT
PROCESSOR_IDENTIFIER=Intel64 Family 6 Model 166 Stepping 0, GenuineIntel



---------------  S Y S T E M  ---------------

OS: Windows 11 , 64 bit Build 22621 (10.0.22621.1105)

CPU:total 12 (initial active 12) (6 cores per cpu, 2 threads per core) family 6 model 166 stepping 0, cmov, cx8, fxsr, mmx, sse, sse2, sse3, ssse3, sse4.1, sse4.2, popcnt, avx, avx2, aes, clmul, erms, 3dnowpref, lzcnt, ht, tsc, tscinvbit, bmi1, bmi2, adx

Memory: 4k page, physical 16603188k(403952k free), swap 32454708k(4312k free)

vm_info: Java HotSpot(TM) 64-Bit Server VM (25.361-b09) for windows-amd64 JRE (1.8.0_361-b09), built on Jan  9 2023 08:38:53 by "java_re" with MS VC++ 15.9 (VS2017)

time: Wed Mar 15 19:56:12 2023
timezone: Intel64 Family 6 Model 166 Stepping 0, GenuineIntel
elapsed time: 170.896367 seconds (0d 0h 2m 50s)

